DEBUG 2024-09-15 16:26:23,013 views Password reset request received.
INFO 2024-09-15 16:26:23,015 views Password reset token generated for user dinef@examples.com
DEBUG 2024-09-15 16:27:02,373 views Password reset request received.
INFO 2024-09-15 16:27:02,374 views Password reset token generated for user dinef@examples.com
DEBUG 2024-09-15 16:28:13,454 views Password reset request received.
INFO 2024-09-15 16:28:13,456 views Password reset token generated for user dinef@examples.com
INFO 2024-09-15 16:28:15,267 views Password reset email sent to dinef@examples.com
DEBUG 2024-09-15 17:09:03,645 views Password reset request received.
WARNING 2024-09-15 17:09:03,645 views Password reset requested for non-existent email: 
DEBUG 2024-09-15 17:09:27,905 views Password reset request received.
WARNING 2024-09-15 17:09:27,906 views Password reset requested for non-existent email: 
DEBUG 2024-09-15 17:10:18,968 views Password reset request received.
INFO 2024-09-15 17:10:18,970 views Password reset token generated for user dinef@examples.com
INFO 2024-09-15 17:10:20,780 views Password reset email sent to dinef@examples.com
DEBUG 2024-09-15 17:16:13,606 views Password reset request received.
INFO 2024-09-15 17:16:13,607 views Password reset token generated for user dinef@examples.com
INFO 2024-09-15 17:16:15,430 views Password reset email sent to dinef@examples.com
DEBUG 2024-09-15 17:36:54,292 views Password reset request received.
INFO 2024-09-15 17:36:54,293 views Password reset token generated for user dinef@examples.com
INFO 2024-09-15 17:36:56,076 views Password reset email sent to dinef@examples.com
DEBUG 2024-09-15 17:40:25,220 views Password reset request received.
INFO 2024-09-15 17:40:25,221 views Password reset token generated for user dinef@examples.com
INFO 2024-09-15 17:40:27,003 views Password reset email sent to dinef@examples.com
DEBUG 2024-09-15 17:45:22,418 views Password reset request received.
INFO 2024-09-15 17:45:22,419 views Password reset token generated for user dinef@examples.com
INFO 2024-09-15 17:45:24,236 views Password reset email sent to dinef@examples.com
DEBUG 2024-09-28 18:53:44,754 views Password reset request received.
INFO 2024-09-28 18:53:44,757 views Password reset token generated for user dinef+123@examples.com
INFO 2024-09-28 18:53:46,662 views Password reset email sent to dinef+123@examples.com
DEBUG 2024-09-29 08:36:21,608 views Password reset request received.
WARNING 2024-09-29 08:36:21,609 views Password reset requested without an email.
DEBUG 2024-09-29 08:36:21,820 views Password reset request received.
WARNING 2024-09-29 08:36:21,821 views Password reset requested for non-existent email: nonexistent@example.com
DEBUG 2024-09-29 10:18:55,449 views Password reset request received.
WARNING 2024-09-29 10:18:55,450 views Password reset requested without an email.
DEBUG 2024-09-29 10:18:55,667 views Password reset request received.
WARNING 2024-09-29 10:18:55,668 views Password reset requested for non-existent email: nonexistent@example.com
